<?xml version="1.0" encoding="UTF-8"?>
<!-- Generated by org.testng.reporters.JUnitXMLReporter -->
<testsuite ignored="0" hostname="DESKTOP-MN1GLHP" failures="0" tests="4" name="Default test" time="10.437" errors="0" timestamp="2023-08-29T16:06:53 IST">
  <testcase classname="testPackage.Assignment2" name="OpenBrowser" time="8.961"/>
  <testcase classname="testPackage.Assignment2" name="SignIn" time="1.044"/>
  <testcase classname="testPackage.Assignment2" name="LandingPage" time="0.015"/>
  <testcase classname="testPackage.Assignment2" name="LogOut" time="0.32"/>
</testsuite> <!-- Default test -->
