<?xml version="1.0" encoding="UTF-8"?>
<!-- Generated by org.testng.reporters.JUnitXMLReporter -->
<testsuite ignored="1" hostname="DESKTOP-F1GDK7B" failures="0" tests="7" name="Default test" time="0.147" errors="0" timestamp="2023-09-01T09:48:00 IST">
  <testcase classname="demo.NewTest" name="fifthtestcase" time="0.013"/>
  <testcase classname="demo.NewTest" name="firsttestcase" time="0.007"/>
  <testcase classname="demo.NewTest" name="setData" time="0.005"/>
  <testcase classname="demo.NewTest" name="setData" time="0.002"/>
  <testcase classname="demo.NewTest" name="setData" time="0.017"/>
  <testcase classname="demo.NewTest" name="thirdtestcase" time="0.004"/>
  <testcase classname="demo.NewTest" name="secondtestcase" time="0.001"/>
  <testcase classname="demo.NewTest" name="fourthtestcase" time="0.0">
    <ignored/>
  </testcase> <!-- fourthtestcase -->
</testsuite> <!-- Default test -->
