<?xml version="1.0" encoding="UTF-8"?>
<!-- Generated by org.testng.reporters.JUnitXMLReporter -->
<testsuite ignored="0" hostname="DESKTOP-MN1GLHP" failures="2" tests="10" name="Test" time="0.151" errors="0" timestamp="2023-08-28T23:37:32 IST">
  <testcase classname="testPackage.TestCases" name="testCase1" time="0.018"/>
  <testcase classname="testPackage.TestCases" name="testCase10" time="0.002"/>
  <testcase classname="testPackage.TestCases" name="testCase2" time="0.003">
    <skipped/>
  </testcase> <!-- testCase2 -->
  <testcase classname="testPackage.TestCases" name="testCase3" time="0.001"/>
  <testcase classname="testPackage.TestCases" name="testCase4" time="0.006">
    <failure type="java.lang.AssertionError" message="expected [true] but found [false]">
      <![CDATA[java.lang.AssertionError: expected [true] but found [false]
at testPackage.TestCases.testCase4(TestCases.java:33)
at java.base/java.util.ArrayList.forEach(ArrayList.java:1511)
... Removed 31 stack frames]]>
    </failure>
  </testcase> <!-- testCase4 -->
  <testcase classname="testPackage.TestCases" name="testCase5" time="0.002">
    <failure type="java.lang.AssertionError" message="expected [true] but found [false]">
      <![CDATA[java.lang.AssertionError: expected [true] but found [false]
at testPackage.TestCases.testCase5(TestCases.java:40)
at java.base/java.util.ArrayList.forEach(ArrayList.java:1511)
... Removed 31 stack frames]]>
    </failure>
  </testcase> <!-- testCase5 -->
  <testcase classname="testPackage.TestCases" name="testCase6" time="0.002"/>
  <testcase classname="testPackage.TestCases" name="testCase7" time="0.002"/>
  <testcase classname="testPackage.TestCases" name="testCase8" time="0.002"/>
  <testcase classname="testPackage.TestCases" name="testCase9" time="0.002"/>
</testsuite> <!-- Test -->
